<?xml version="1.0" encoding="UTF-8"?>
<!-- Generated by org.testng.reporters.JUnitXMLReporter -->
<testsuite hostname="KALYAN" ignored="0" name="Sprint" tests="6" failures="0" timestamp="26 Apr 2020 07:54:58 GMT" time="0.433" errors="0">
  <testcase name="test1" time="0.044" classname="com.Grouping.GroupingInTestNG"/>
  <testcase name="test2" time="0.024" classname="com.Grouping.GroupingInTestNG"/>
  <testcase name="test3" time="0.008" classname="com.Grouping.GroupingInTestNG"/>
  <testcase name="test4" time="0.012" classname="com.Grouping.GroupingInTestNG"/>
  <testcase name="test5" time="0.112" classname="com.Grouping.GroupingInTestNG"/>
  <testcase name="test6" time="0.012" classname="com.Grouping.GroupingInTestNG"/>
</testsuite> <!-- Sprint -->
