<?xml version="1.0" encoding="UTF-8"?>
<testng-results skipped="0" failed="0" ignored="0" total="1" passed="1">
  <reporter-output>
  </reporter-output>
  <suite name="Default suite" duration-ms="22611" started-at="2020-05-21T17:00:13Z" finished-at="2020-05-21T17:00:36Z">
    <groups>
    </groups>
    <test name="Default test" duration-ms="22611" started-at="2020-05-21T17:00:13Z" finished-at="2020-05-21T17:00:36Z">
      <class name="com.BB.RunTest">
        <test-method status="PASS" signature="verifyJFPP()[pri:0, instance:com.BB.RunTest@28d25987]" name="verifyJFPP" duration-ms="22549" started-at="2020-05-21T22:30:13Z" finished-at="2020-05-21T22:30:36Z">
          <reporter-output>
          </reporter-output>
        </test-method> <!-- verifyJFPP -->
      </class> <!-- com.BB.RunTest -->
    </test> <!-- Default test -->
  </suite> <!-- Default suite -->
</testng-results>
